<?xml version="1.0" encoding="UTF-8"?>
<testsuite xmlns:xsi="http://www.w3.org/2001/XMLSchema-instance" xsi:noNamespaceSchemaLocation="https://maven.apache.org/surefire/maven-surefire-plugin/xsd/surefire-test-report.xsd" name="com.sg.classroster.service.ClassRosterServiceLayerTest" time="0" tests="6" errors="0" skipped="0" failures="0">
  <properties>
[...]
</properties>
  <testcase name="testCreateStudent" classname="com.sg.classroster.service.ClassRosterServiceLayerTest" time="0"/>
  <testcase name="testGetStudent" classname="com.sg.classroster.service.ClassRosterServiceLayerTest" time="0"/>
  <testcase name="testGetAllStudents" classname="com.sg.classroster.service.ClassRosterServiceLayerTest" time="0"/>
  <testcase name="testCreateStudentInvalidData" classname="com.sg.classroster.service.ClassRosterServiceLayerTest" time="0"/>
  <testcase name="testCreateStudentDuplicateId" classname="com.sg.classroster.service.ClassRosterServiceLayerTest" time="0"/>
  <testcase name="testRemoveStudent" classname="com.sg.classroster.service.ClassRosterServiceLayerTest" time="0"/>
</testsuite>