<?xml version="1.0" encoding="UTF-8" ?>
<testsuite tests="6" failures="0" name="com.sg.classroster.service.ClassRosterServiceLayerTest" time="0" errors="0" skipped="0">
  <properties>
[...]
</properties>
  <testcase classname="com.sg.classroster.service.ClassRosterServiceLayerTest" name="com.sg.classroster.service.ClassRosterServiceLayerTest.testRemoveStudent" time="0"/>
  <testcase classname="com.sg.classroster.service.ClassRosterServiceLayerTest" name="com.sg.classroster.service.ClassRosterServiceLayerTest.testGetAllStudents" time="0"/>
  <testcase classname="com.sg.classroster.service.ClassRosterServiceLayerTest" name="com.sg.classroster.service.ClassRosterServiceLayerTest.testGetStudent" time="0"/>
  <testcase classname="com.sg.classroster.service.ClassRosterServiceLayerTest" name="com.sg.classroster.service.ClassRosterServiceLayerTest.testCreateStudent" time="0"/>
  <testcase classname="com.sg.classroster.service.ClassRosterServiceLayerTest" name="com.sg.classroster.service.ClassRosterServiceLayerTest.testCreateStudentDuplicateId" time="0"/>
  <testcase classname="com.sg.classroster.service.ClassRosterServiceLayerTest" name="com.sg.classroster.service.ClassRosterServiceLayerTest.testCreateStudentInvalidData" time="0"/>
</testsuite>